#! /usr/share/iverilog-0.10.0/bin/vvp
:ivl_version "0.10.0 (devel)" "(v0_9_6)";
:ivl_delay_selection "TYPICAL";
:vpi_time_precision - 9;
:vpi_module "system";
:vpi_module "vhdl_sys";
:vpi_module "v2005_math";
:vpi_module "va_math";
:vpi_module "v2009";
S_0xeb9850 .scope module, "dff_tb" "dff_tb" 2 4;
 .timescale -9 -9;
v0xecc670_0 .var "clk", 0 0;
v0xecc730_0 .var "d", 0 0;
v0xecc800_0 .net "q", 0 0, v0xecc430_0;  1 drivers
v0xecc900_0 .var "rst", 0 0;
S_0xebac80 .scope module, "UUT" "D_Flip_flop" 2 8, 3 2 0, S_0xeb9850;
 .timescale 0 0;
    .port_info 0 /OUTPUT 1 "q"
    .port_info 1 /INPUT 1 "data_in"
    .port_info 2 /INPUT 1 "clk"
    .port_info 3 /INPUT 1 "rst"
v0xebaec0_0 .net "clk", 0 0, v0xecc670_0;  1 drivers
v0xecc370_0 .net "data_in", 0 0, v0xecc730_0;  1 drivers
v0xecc430_0 .var "q", 0 0;
v0xecc500_0 .net "rst", 0 0, v0xecc900_0;  1 drivers
E_0xebb170 .event posedge, v0xebaec0_0;
    .scope S_0xebac80;
T_0 ;
    %wait E_0xebb170;
    %load/v 8, v0xecc500_0, 1;
    %pad 9, 0, 2;
    %cmpi/u 8, 1, 3;
    %jmp/0xz  T_0.0, 4;
    %set/v v0xecc430_0, 0, 1;
    %jmp T_0.1;
T_0.0 ;
    %load/v 8, v0xecc370_0, 1;
    %set/v v0xecc430_0, 8, 1;
T_0.1 ;
    %jmp T_0;
    .thread T_0;
    .scope S_0xeb9850;
T_1 ;
    %ix/load 0, 1, 0;
    %assign/v0 v0xecc730_0, 0, 1;
    %delay 2, 0;
    %ix/load 0, 1, 0;
    %assign/v0 v0xecc670_0, 0, 0;
    %delay 3, 0;
    %ix/load 0, 1, 0;
    %assign/v0 v0xecc900_0, 0, 1;
    %delay 6, 0;
    %ix/load 0, 1, 0;
    %assign/v0 v0xecc900_0, 0, 0;
    %end;
    .thread T_1;
    .scope S_0xeb9850;
T_2 ;
    %delay 5, 0;
    %load/v 8, v0xecc670_0, 1;
    %inv 8, 1;
    %set/v v0xecc670_0, 8, 1;
    %jmp T_2;
    .thread T_2;
    .scope S_0xeb9850;
T_3 ;
    %vpi_call/w 2 15 "$dumpfile", "dump.vcd" {0 0};
    %vpi_call/w 2 16 "$dumpvars", 2'sb01 {0 0};
    %delay 25, 0;
    %ix/load 0, 1, 0;
    %assign/v0 v0xecc730_0, 0, 0;
    %delay 55, 0;
    %ix/load 0, 1, 0;
    %assign/v0 v0xecc730_0, 0, 1;
    %delay 500, 0;
    %vpi_call/w 2 19 "$finish" {0 0};
    %end;
    .thread T_3;
# The file index is used to find the file name in the following table.
:file_names 4;
    "N/A";
    "<interactive>";
    "testbench.sv";
    "design.sv";
