#! /usr/share/iverilog-0.10.0/bin/vvp
:ivl_version "0.10.0 (devel)" "(v0_9_6)";
:ivl_delay_selection "TYPICAL";
:vpi_time_precision - 9;
:vpi_module "system";
:vpi_module "vhdl_sys";
:vpi_module "v2005_math";
:vpi_module "va_math";
:vpi_module "v2009";
S_0x9a8850 .scope module, "shift_tb" "shift_tb" 2 4;
 .timescale -9 -9;
v0x9bd8b0_0 .var "clk", 0 0;
v0x9bd970_0 .var "d", 0 0;
v0x9bda40_0 .net "q", 0 0, v0x9bd6b0_0;  1 drivers
v0x9bdb40_0 .var "rst", 0 0;
S_0x9aadc0 .scope module, "UUT" "Shift_reg" 2 8, 3 2 0, S_0x9a8850;
 .timescale 0 0;
    .port_info 0 /OUTPUT 1 "q"
    .port_info 1 /INPUT 1 "data_in"
    .port_info 2 /INPUT 1 "clk"
    .port_info 3 /INPUT 1 "rst"
v0x9ab000_0 .net "clk", 0 0, v0x9bd8b0_0;  1 drivers
v0x9bd350_0 .var "d1", 0 0;
v0x9bd410_0 .var "d2", 0 0;
v0x9bd4e0_0 .var "d3", 0 0;
v0x9bd5a0_0 .net "data_in", 0 0, v0x9bd970_0;  1 drivers
v0x9bd6b0_0 .var "q", 0 0;
v0x9bd770_0 .net "rst", 0 0, v0x9bdb40_0;  1 drivers
E_0x9ab290 .event posedge, v0x9ab000_0;
    .scope S_0x9aadc0;
T_0 ;
    %wait E_0x9ab290;
    %load/v 8, v0x9bd770_0, 1;
    %pad 9, 0, 2;
    %cmpi/u 8, 1, 3;
    %jmp/0xz  T_0.0, 4;
    %ix/load 0, 1, 0;
    %assign/v0 v0x9bd6b0_0, 0, 0;
    %ix/load 0, 1, 0;
    %assign/v0 v0x9bd350_0, 0, 0;
    %ix/load 0, 1, 0;
    %assign/v0 v0x9bd410_0, 0, 0;
    %ix/load 0, 1, 0;
    %assign/v0 v0x9bd4e0_0, 0, 0;
    %jmp T_0.1;
T_0.0 ;
    %load/v 8, v0x9bd4e0_0, 1;
    %ix/load 0, 1, 0;
    %assign/v0 v0x9bd6b0_0, 0, 8;
    %load/v 8, v0x9bd410_0, 1;
    %ix/load 0, 1, 0;
    %assign/v0 v0x9bd4e0_0, 0, 8;
    %load/v 8, v0x9bd350_0, 1;
    %ix/load 0, 1, 0;
    %assign/v0 v0x9bd410_0, 0, 8;
    %load/v 8, v0x9bd6b0_0, 1;
    %ix/load 0, 1, 0;
    %assign/v0 v0x9bd350_0, 0, 8;
T_0.1 ;
    %jmp T_0;
    .thread T_0;
    .scope S_0x9a8850;
T_1 ;
    %ix/load 0, 1, 0;
    %assign/v0 v0x9bd970_0, 0, 1;
    %delay 2, 0;
    %ix/load 0, 1, 0;
    %assign/v0 v0x9bd8b0_0, 0, 0;
    %delay 3, 0;
    %ix/load 0, 1, 0;
    %assign/v0 v0x9bdb40_0, 0, 1;
    %delay 6, 0;
    %ix/load 0, 1, 0;
    %assign/v0 v0x9bdb40_0, 0, 0;
    %end;
    .thread T_1;
    .scope S_0x9a8850;
T_2 ;
    %delay 5, 0;
    %load/v 8, v0x9bd8b0_0, 1;
    %inv 8, 1;
    %set/v v0x9bd8b0_0, 8, 1;
    %jmp T_2;
    .thread T_2;
    .scope S_0x9a8850;
T_3 ;
    %vpi_call/w 2 15 "$dumpfile", "dump.vcd" {0 0};
    %vpi_call/w 2 16 "$dumpvars", 2'sb01 {0 0};
    %delay 10, 0;
    %set/v v0x9bd970_0, 0, 1;
    %delay 20, 0;
    %set/v v0x9bd970_0, 1, 1;
    %delay 30, 0;
    %set/v v0x9bd970_0, 1, 1;
    %delay 500, 0;
    %vpi_call/w 2 20 "$finish" {0 0};
    %end;
    .thread T_3;
# The file index is used to find the file name in the following table.
:file_names 4;
    "N/A";
    "<interactive>";
    "testbench.sv";
    "design.sv";
