#! /usr/share/iverilog-0.10.0/bin/vvp
:ivl_version "0.10.0 (devel)" "(v0_9_6)";
:ivl_delay_selection "TYPICAL";
:vpi_time_precision - 9;
:vpi_module "system";
:vpi_module "vhdl_sys";
:vpi_module "v2005_math";
:vpi_module "va_math";
:vpi_module "v2009";
S_0x1e7c7b0 .scope module, "OddPar_9bit_tb" "OddPar_9bit_tb" 2 4;
 .timescale -9 -9;
v0x1e924a0_0 .var "d", 8 0;
v0x1e92560_0 .net "p", 0 0, L_0x1e932e0;  1 drivers
S_0x1e7c930 .scope module, "UUT" "OddPar_9bit" 2 7, 3 2 0, S_0x1e7c7b0;
 .timescale 0 0;
    .port_info 0 /INPUT 9 "data"
    .port_info 1 /OUTPUT 1 "parity"
L_0x1e92630/0/0 .functor XOR 1, L_0x1e928e0, L_0x1e929d0, L_0x1e92ac0, L_0x1e92c40;
L_0x1e92630/0/4 .functor XOR 1, L_0x1e92ce0, L_0x1e92dd0, L_0x1e92f00, L_0x1e93100;
L_0x1e92630/0/8 .functor XOR 1, L_0x1e931f0, C4<0>, C4<0>, C4<0>;
L_0x1e92630 .functor XOR 1, L_0x1e92630/0/0, L_0x1e92630/0/4, L_0x1e92630/0/8, C4<0>;
L_0x1e932e0 .functor NOT 1, L_0x1e92630, C4<0>, C4<0>, C4<0>;
v0x1e7e2d0_0 .net *"_s1", 0 0, L_0x1e928e0;  1 drivers
v0x1e919f0_0 .net *"_s11", 0 0, L_0x1e92dd0;  1 drivers
v0x1e91ad0_0 .net *"_s13", 0 0, L_0x1e92f00;  1 drivers
v0x1e91bc0_0 .net *"_s15", 0 0, L_0x1e93100;  1 drivers
v0x1e91ca0_0 .net *"_s17", 0 0, L_0x1e931f0;  1 drivers
v0x1e91dd0_0 .net *"_s3", 0 0, L_0x1e929d0;  1 drivers
v0x1e91eb0_0 .net *"_s5", 0 0, L_0x1e92ac0;  1 drivers
v0x1e91f90_0 .net *"_s7", 0 0, L_0x1e92c40;  1 drivers
v0x1e92070_0 .net *"_s9", 0 0, L_0x1e92ce0;  1 drivers
v0x1e921e0_0 .net "data", 8 0, v0x1e924a0_0;  1 drivers
v0x1e922c0_0 .net "parity", 0 0, L_0x1e932e0;  alias, 1 drivers
v0x1e92380_0 .net "t", 0 0, L_0x1e92630;  1 drivers
L_0x1e928e0 .part v0x1e924a0_0, 0, 1;
L_0x1e929d0 .part v0x1e924a0_0, 1, 1;
L_0x1e92ac0 .part v0x1e924a0_0, 2, 1;
L_0x1e92c40 .part v0x1e924a0_0, 3, 1;
L_0x1e92ce0 .part v0x1e924a0_0, 4, 1;
L_0x1e92dd0 .part v0x1e924a0_0, 5, 1;
L_0x1e92f00 .part v0x1e924a0_0, 6, 1;
L_0x1e93100 .part v0x1e924a0_0, 7, 1;
L_0x1e931f0 .part v0x1e924a0_0, 8, 1;
    .scope S_0x1e7c7b0;
T_0 ;
    %vpi_call/w 2 9 "$dumpfile", "oddpar_wave.vcd" {0 0};
    %vpi_call/w 2 10 "$dumpvars", 1'sb0, S_0x1e7c7b0 {0 0};
    %vpi_call/w 2 11 "$monitor", "%d %d %d %d %d %d %d %d %d ->%d", &PV<v0x1e924a0_0, 0, 1>, &PV<v0x1e924a0_0, 1, 1>, &PV<v0x1e924a0_0, 2, 1>, &PV<v0x1e924a0_0, 3, 1>, &PV<v0x1e924a0_0, 4, 1>, &PV<v0x1e924a0_0, 5, 1>, &PV<v0x1e924a0_0, 6, 1>, &PV<v0x1e924a0_0, 7, 1>, &PV<v0x1e924a0_0, 8, 1>, v0x1e92560_0 {0 0};
    %delay 2, 0;
    %movi 8, 256, 9;
    %set/v v0x1e924a0_0, 8, 9;
    %delay 2, 0;
    %movi 8, 357, 9;
    %set/v v0x1e924a0_0, 8, 9;
    %delay 5, 0;
    %vpi_call/w 2 14 "$finish" {0 0};
    %end;
    .thread T_0;
# The file index is used to find the file name in the following table.
:file_names 4;
    "N/A";
    "<interactive>";
    "testbench.sv";
    "design.sv";
