#! /usr/share/iverilog-0.10.0/bin/vvp
:ivl_version "0.10.0 (devel)" "(v0_9_6)";
:ivl_delay_selection "TYPICAL";
:vpi_time_precision + 0;
:vpi_module "system";
:vpi_module "vhdl_sys";
:vpi_module "v2005_math";
:vpi_module "va_math";
:vpi_module "v2009";
S_0x1648470 .scope module, "binary_gray_tb" "binary_gray_tb" 2 1;
 .timescale 0 0;
v0x165da50_0 .net "a", 0 0, L_0x165e440;  1 drivers
v0x165db10_0 .net "b", 0 0, L_0x165e0c0;  1 drivers
v0x165dbe0_0 .net "c", 0 0, L_0x165e220;  1 drivers
v0x165dce0_0 .net "d", 0 0, L_0x165e330;  1 drivers
v0x165ddb0_0 .var "w", 0 0;
v0x165de50_0 .var "x", 0 0;
v0x165df20_0 .var "y", 0 0;
v0x165dff0_0 .var "z", 0 0;
S_0x16485f0 .scope module, "UUT" "binary_gray" 2 5, 3 1 0, S_0x1648470;
 .timescale 0 0;
    .port_info 0 /OUTPUT 1 "a"
    .port_info 1 /OUTPUT 1 "b"
    .port_info 2 /OUTPUT 1 "c"
    .port_info 3 /OUTPUT 1 "d"
    .port_info 4 /INPUT 1 "w"
    .port_info 5 /INPUT 1 "x"
    .port_info 6 /INPUT 1 "y"
    .port_info 7 /INPUT 1 "z"
L_0x165e0c0 .functor XOR 1, v0x165ddb0_0, v0x165de50_0, C4<0>, C4<0>;
L_0x165e220 .functor XOR 1, v0x165df20_0, v0x165de50_0, C4<0>, C4<0>;
L_0x165e330 .functor XOR 1, v0x165df20_0, v0x165dff0_0, C4<0>, C4<0>;
L_0x165e440 .functor BUFZ 1, v0x165ddb0_0, C4<0>, C4<0>, C4<0>;
v0x1646880_0 .net "a", 0 0, L_0x165e440;  alias, 1 drivers
v0x165d360_0 .net "b", 0 0, L_0x165e0c0;  alias, 1 drivers
v0x165d420_0 .net "c", 0 0, L_0x165e220;  alias, 1 drivers
v0x165d4f0_0 .net "d", 0 0, L_0x165e330;  alias, 1 drivers
v0x165d5b0_0 .net "w", 0 0, v0x165ddb0_0;  1 drivers
v0x165d6c0_0 .net "x", 0 0, v0x165de50_0;  1 drivers
v0x165d780_0 .net "y", 0 0, v0x165df20_0;  1 drivers
v0x165d840_0 .net "z", 0 0, v0x165dff0_0;  1 drivers
    .scope S_0x1648470;
T_0 ;
    %vpi_call/w 2 8 "$monitor", "%d %d %d %d : %d %d %d %d", v0x165ddb0_0, v0x165de50_0, v0x165df20_0, v0x165dff0_0, v0x165da50_0, v0x165db10_0, v0x165dbe0_0, v0x165dce0_0 {0 0};
    %delay 2, 0;
    %set/v v0x165ddb0_0, 0, 1;
    %set/v v0x165de50_0, 0, 1;
    %set/v v0x165df20_0, 0, 1;
    %set/v v0x165dff0_0, 0, 1;
    %delay 2, 0;
    %set/v v0x165dff0_0, 1, 1;
    %delay 2, 0;
    %set/v v0x165df20_0, 1, 1;
    %set/v v0x165dff0_0, 0, 1;
    %delay 2, 0;
    %set/v v0x165df20_0, 1, 1;
    %set/v v0x165dff0_0, 1, 1;
    %delay 2, 0;
    %set/v v0x165de50_0, 1, 1;
    %delay 2, 0;
    %set/v v0x165df20_0, 0, 1;
    %set/v v0x165dff0_0, 0, 1;
    %delay 2, 0;
    %set/v v0x165ddb0_0, 1, 1;
    %delay 2, 0;
    %set/v v0x165de50_0, 0, 1;
    %set/v v0x165df20_0, 1, 1;
    %set/v v0x165dff0_0, 1, 1;
    %delay 2, 0;
    %set/v v0x165de50_0, 1, 1;
    %set/v v0x165df20_0, 0, 1;
    %set/v v0x165dff0_0, 1, 1;
    %delay 2, 0;
    %vpi_call/w 2 18 "$finish" {0 0};
    %end;
    .thread T_0;
# The file index is used to find the file name in the following table.
:file_names 4;
    "N/A";
    "<interactive>";
    "testbench.sv";
    "design.sv";
