#! /usr/share/iverilog-0.10.0/bin/vvp
:ivl_version "0.10.0 (devel)" "(v0_9_6)";
:ivl_delay_selection "TYPICAL";
:vpi_time_precision + 0;
:vpi_module "system";
:vpi_module "vhdl_sys";
:vpi_module "v2005_math";
:vpi_module "va_math";
:vpi_module "v2009";
S_0x1b88850 .scope module, "demux1_4_tb" "demux1_4_tb" 2 1;
 .timescale 0 0;
v0x1b9cd90_0 .net "a", 0 0, L_0x1b9d460;  1 drivers
v0x1b9ce50_0 .net "b", 0 0, L_0x1b9d5c0;  1 drivers
v0x1b9cf20_0 .net "c", 0 0, L_0x1b9d680;  1 drivers
v0x1b9d020_0 .net "d", 0 0, L_0x1b9d740;  1 drivers
v0x1b9d0f0_0 .var "x", 0 0;
v0x1b9d1e0_0 .var "y", 0 0;
S_0x1b8a800 .scope module, "UUT" "demux1_4" 2 5, 3 1 0, S_0x1b88850;
 .timescale 0 0;
    .port_info 0 /OUTPUT 1 "a"
    .port_info 1 /OUTPUT 1 "b"
    .port_info 2 /OUTPUT 1 "c"
    .port_info 3 /OUTPUT 1 "d"
    .port_info 4 /INPUT 1 "x"
    .port_info 5 /INPUT 1 "y"
L_0x1b9d2b0 .functor NOT 1, v0x1b9d0f0_0, C4<0>, C4<0>, C4<0>;
L_0x1b9d3a0 .functor NOT 1, v0x1b9d1e0_0, C4<0>, C4<0>, C4<0>;
L_0x1b9d460 .functor AND 1, L_0x1b9d2b0, L_0x1b9d3a0, C4<1>, C4<1>;
L_0x1b9d5c0 .functor AND 1, L_0x1b9d2b0, v0x1b9d1e0_0, C4<1>, C4<1>;
L_0x1b9d680 .functor AND 1, v0x1b9d0f0_0, L_0x1b9d3a0, C4<1>, C4<1>;
L_0x1b9d740 .functor AND 1, v0x1b9d0f0_0, v0x1b9d1e0_0, C4<1>, C4<1>;
v0x1b8aa70_0 .net "a", 0 0, L_0x1b9d460;  alias, 1 drivers
v0x1b9c6f0_0 .net "b", 0 0, L_0x1b9d5c0;  alias, 1 drivers
v0x1b9c7b0_0 .net "c", 0 0, L_0x1b9d680;  alias, 1 drivers
v0x1b9c880_0 .net "d", 0 0, L_0x1b9d740;  alias, 1 drivers
v0x1b9c940_0 .net "s", 0 0, L_0x1b9d3a0;  1 drivers
v0x1b9ca50_0 .net "t", 0 0, L_0x1b9d2b0;  1 drivers
v0x1b9cb10_0 .net "x", 0 0, v0x1b9d0f0_0;  1 drivers
v0x1b9cbd0_0 .net "y", 0 0, v0x1b9d1e0_0;  1 drivers
    .scope S_0x1b88850;
T_0 ;
    %vpi_call/w 2 8 "$monitor", "%d %d : %d %d %d %d", v0x1b9d0f0_0, v0x1b9d1e0_0, v0x1b9cd90_0, v0x1b9ce50_0, v0x1b9cf20_0, v0x1b9d020_0 {0 0};
    %delay 2, 0;
    %set/v v0x1b9d0f0_0, 0, 1;
    %set/v v0x1b9d1e0_0, 0, 1;
    %delay 2, 0;
    %set/v v0x1b9d1e0_0, 1, 1;
    %delay 2, 0;
    %set/v v0x1b9d0f0_0, 1, 1;
    %set/v v0x1b9d1e0_0, 0, 1;
    %delay 2, 0;
    %set/v v0x1b9d1e0_0, 1, 1;
    %delay 2, 0;
    %vpi_call/w 2 13 "$finish" {0 0};
    %end;
    .thread T_0;
# The file index is used to find the file name in the following table.
:file_names 4;
    "N/A";
    "<interactive>";
    "testbench.sv";
    "design.sv";
