#! /usr/share/iverilog-0.10.0/bin/vvp
:ivl_version "0.10.0 (devel)" "(v0_9_6)";
:ivl_delay_selection "TYPICAL";
:vpi_time_precision - 9;
:vpi_module "system";
:vpi_module "vhdl_sys";
:vpi_module "v2005_math";
:vpi_module "va_math";
:vpi_module "v2009";
S_0x1643850 .scope module, "half_adder_tb" "half_adder_tb" 2 4;
 .timescale -9 -9;
v0x1655c10_0 .var "a", 0 0;
v0x1655cd0_0 .var "b", 0 0;
v0x1655da0_0 .net "co", 0 0, L_0x16560d0;  1 drivers
v0x1655ea0_0 .net "s", 0 0, L_0x1655f70;  1 drivers
S_0x1644930 .scope module, "UUT" "half_adder" 2 7, 3 2 0, S_0x1643850;
 .timescale 0 0;
    .port_info 0 /OUTPUT 1 "sum"
    .port_info 1 /OUTPUT 1 "carry"
    .port_info 2 /INPUT 1 "a"
    .port_info 3 /INPUT 1 "b"
L_0x1655f70 .functor XOR 1, v0x1655c10_0, v0x1655cd0_0, C4<0>, C4<0>;
L_0x16560d0 .functor AND 1, v0x1655c10_0, v0x1655cd0_0, C4<1>, C4<1>;
v0x1644b00_0 .net "a", 0 0, v0x1655c10_0;  1 drivers
v0x1655910_0 .net "b", 0 0, v0x1655cd0_0;  1 drivers
v0x16559d0_0 .net "carry", 0 0, L_0x16560d0;  alias, 1 drivers
v0x1655aa0_0 .net "sum", 0 0, L_0x1655f70;  alias, 1 drivers
    .scope S_0x1643850;
T_0 ;
    %vpi_call/w 2 9 "$dumpfile", "wave.vcd" {0 0};
    %vpi_call/w 2 10 "$dumpvars", 1'sb0, S_0x1643850 {0 0};
    %vpi_call/w 2 11 "$monitor", "%d %d  -> %d %d", v0x1655c10_0, v0x1655cd0_0, v0x1655ea0_0, v0x1655da0_0 {0 0};
    %delay 2, 0;
    %set/v v0x1655c10_0, 0, 1;
    %set/v v0x1655cd0_0, 0, 1;
    %delay 2, 0;
    %set/v v0x1655cd0_0, 1, 1;
    %delay 2, 0;
    %set/v v0x1655c10_0, 1, 1;
    %set/v v0x1655cd0_0, 0, 1;
    %delay 2, 0;
    %set/v v0x1655cd0_0, 1, 1;
    %delay 5, 0;
    %vpi_call/w 2 16 "$finish" {0 0};
    %end;
    .thread T_0;
# The file index is used to find the file name in the following table.
:file_names 4;
    "N/A";
    "<interactive>";
    "testbench.sv";
    "design.sv";
