#! /usr/share/iverilog-0.10.0/bin/vvp
:ivl_version "0.10.0 (devel)" "(v0_9_6)";
:ivl_delay_selection "TYPICAL";
:vpi_time_precision - 12;
:vpi_module "system";
:vpi_module "vhdl_sys";
:vpi_module "v2005_math";
:vpi_module "va_math";
:vpi_module "v2009";
S_0x2469850 .scope module, "encounter8_3_tb" "encounter8_3_tb" 2 4;
 .timescale -9 -12;
v0x247ecb0_0 .var "Din", 7 0;
v0x247eda0_0 .var "En", 0 0;
v0x247ee70_0 .net "Eo", 2 0, v0x247eb40_0;  1 drivers
S_0x246c5d0 .scope module, "uut" "encoder8_3" 2 14, 3 2 0, S_0x2469850;
 .timescale 0 0;
    .port_info 0 /OUTPUT 3 "Eo"
    .port_info 1 /INPUT 8 "Din"
    .port_info 2 /INPUT 1 "En"
v0x246c7f0_0 .net "Din", 7 0, v0x247ecb0_0;  1 drivers
v0x247ea80_0 .net "En", 0 0, v0x247eda0_0;  1 drivers
v0x247eb40_0 .var "Eo", 2 0;
E_0x246c510 .event edge, v0x246c7f0_0, v0x247ea80_0;
    .scope S_0x246c5d0;
T_0 ;
    %wait E_0x246c510;
    %load/v 8, v0x247ea80_0, 1;
    %jmp/0xz  T_0.0, 8;
    %load/v 8, v0x246c7f0_0, 8;
    %cmpi/u 8, 0, 8;
    %jmp/1 T_0.2, 6;
    %cmpi/u 8, 1, 8;
    %jmp/1 T_0.3, 6;
    %cmpi/u 8, 2, 8;
    %jmp/1 T_0.4, 6;
    %cmpi/u 8, 3, 8;
    %jmp/1 T_0.5, 6;
    %cmpi/u 8, 4, 8;
    %jmp/1 T_0.6, 6;
    %cmpi/u 8, 5, 8;
    %jmp/1 T_0.7, 6;
    %cmpi/u 8, 6, 8;
    %jmp/1 T_0.8, 6;
    %cmpi/u 8, 7, 8;
    %jmp/1 T_0.9, 6;
    %vpi_call/w 3 22 "$display", "Error!" {0 0};
    %jmp T_0.11;
T_0.2 ;
    %set/v v0x247eb40_0, 0, 3;
    %jmp T_0.11;
T_0.3 ;
    %movi 8, 1, 3;
    %set/v v0x247eb40_0, 8, 3;
    %jmp T_0.11;
T_0.4 ;
    %movi 8, 2, 3;
    %set/v v0x247eb40_0, 8, 3;
    %jmp T_0.11;
T_0.5 ;
    %movi 8, 3, 3;
    %set/v v0x247eb40_0, 8, 3;
    %jmp T_0.11;
T_0.6 ;
    %movi 8, 4, 3;
    %set/v v0x247eb40_0, 8, 3;
    %jmp T_0.11;
T_0.7 ;
    %movi 8, 5, 3;
    %set/v v0x247eb40_0, 8, 3;
    %jmp T_0.11;
T_0.8 ;
    %movi 8, 6, 3;
    %set/v v0x247eb40_0, 8, 3;
    %jmp T_0.11;
T_0.9 ;
    %set/v v0x247eb40_0, 1, 3;
    %jmp T_0.11;
T_0.11 ;
T_0.0 ;
    %jmp T_0;
    .thread T_0, $push;
    .scope S_0x2469850;
T_1 ;
    %vpi_call/w 2 20 "$monitor", "%d -> %d", v0x247ecb0_0, v0x247ee70_0 {0 0};
    %set/v v0x247ecb0_0, 0, 8;
    %set/v v0x247eda0_0, 1, 1;
    %delay 10000, 0;
    %set/v v0x247ecb0_0, 0, 8;
    %delay 10000, 0;
    %movi 8, 1, 8;
    %set/v v0x247ecb0_0, 8, 8;
    %delay 10000, 0;
    %movi 8, 2, 8;
    %set/v v0x247ecb0_0, 8, 8;
    %delay 10000, 0;
    %movi 8, 3, 8;
    %set/v v0x247ecb0_0, 8, 8;
    %delay 10000, 0;
    %movi 8, 4, 8;
    %set/v v0x247ecb0_0, 8, 8;
    %delay 10000, 0;
    %movi 8, 5, 8;
    %set/v v0x247ecb0_0, 8, 8;
    %delay 10000, 0;
    %movi 8, 6, 8;
    %set/v v0x247ecb0_0, 8, 8;
    %delay 10000, 0;
    %movi 8, 7, 8;
    %set/v v0x247ecb0_0, 8, 8;
    %end;
    .thread T_1;
# The file index is used to find the file name in the following table.
:file_names 4;
    "N/A";
    "<interactive>";
    "testbench.sv";
    "design.sv";
