#! /usr/share/iverilog-0.10.0/bin/vvp
:ivl_version "0.10.0 (devel)" "(v0_9_6)";
:ivl_delay_selection "TYPICAL";
:vpi_time_precision + 0;
:vpi_module "system";
:vpi_module "vhdl_sys";
:vpi_module "v2005_math";
:vpi_module "va_math";
:vpi_module "v2009";
S_0xbd43a0 .scope module, "jk_ff_tb" "jk_ff_tb" 2 3;
 .timescale 0 0;
v0xbe7990_0 .var "clk", 0 0;
v0xbe7a50_0 .var "j", 0 0;
v0xbe7b20_0 .var "k", 0 0;
v0xbe7c20_0 .net "q", 0 0, v0xbe7820_0;  1 drivers
S_0xbd4520 .scope module, "UUT" "jk_ff" 2 6, 3 2 0, S_0xbd43a0;
 .timescale 0 0;
    .port_info 0 /INPUT 1 "j"
    .port_info 1 /INPUT 1 "k"
    .port_info 2 /INPUT 1 "clk"
    .port_info 3 /OUTPUT 1 "q"
v0xbb25e0_0 .net "clk", 0 0, v0xbe7990_0;  1 drivers
v0xbe7690_0 .net "j", 0 0, v0xbe7a50_0;  1 drivers
v0xbe7750_0 .net "k", 0 0, v0xbe7b20_0;  1 drivers
v0xbe7820_0 .var "q", 0 0;
E_0xbd4ab0 .event posedge, v0xbb25e0_0;
    .scope S_0xbd4520;
T_0 ;
    %wait E_0xbd4ab0;
    %load/v 8, v0xbe7750_0, 1;
    %load/v 9, v0xbe7690_0, 1;
    %cmpi/u 8, 0, 2;
    %jmp/1 T_0.0, 6;
    %cmpi/u 8, 1, 2;
    %jmp/1 T_0.1, 6;
    %cmpi/u 8, 2, 2;
    %jmp/1 T_0.2, 6;
    %cmpi/u 8, 3, 2;
    %jmp/1 T_0.3, 6;
    %jmp T_0.4;
T_0.0 ;
    %load/v 8, v0xbe7820_0, 1;
    %set/v v0xbe7820_0, 8, 1;
    %jmp T_0.4;
T_0.1 ;
    %set/v v0xbe7820_0, 0, 1;
    %jmp T_0.4;
T_0.2 ;
    %set/v v0xbe7820_0, 1, 1;
    %jmp T_0.4;
T_0.3 ;
    %load/v 8, v0xbe7820_0, 1;
    %inv 8, 1;
    %set/v v0xbe7820_0, 8, 1;
    %jmp T_0.4;
T_0.4 ;
    %jmp T_0;
    .thread T_0;
    .scope S_0xbd43a0;
T_1 ;
    %ix/load 0, 1, 0;
    %assign/v0 v0xbe7a50_0, 0, 0;
    %ix/load 0, 1, 0;
    %assign/v0 v0xbe7b20_0, 0, 0;
    %delay 2, 0;
    %ix/load 0, 1, 0;
    %assign/v0 v0xbe7990_0, 0, 0;
    %end;
    .thread T_1;
    .scope S_0xbd43a0;
T_2 ;
    %delay 5, 0;
    %load/v 8, v0xbe7990_0, 1;
    %inv 8, 1;
    %set/v v0xbe7990_0, 8, 1;
    %jmp T_2;
    .thread T_2;
    .scope S_0xbd43a0;
T_3 ;
    %vpi_call/w 2 13 "$dumpfile", "dump.vcd" {0 0};
    %vpi_call/w 2 14 "$dumpvars" {0 0};
    %vpi_call/w 2 15 "$monitor", "%d %d -> %d", v0xbe7a50_0, v0xbe7b20_0, v0xbe7c20_0 {0 0};
    %delay 25, 0;
    %ix/load 0, 1, 0;
    %assign/v0 v0xbe7a50_0, 0, 0;
    %ix/load 0, 1, 0;
    %assign/v0 v0xbe7b20_0, 0, 1;
    %delay 25, 0;
    %ix/load 0, 1, 0;
    %assign/v0 v0xbe7a50_0, 0, 0;
    %ix/load 0, 1, 0;
    %assign/v0 v0xbe7b20_0, 0, 0;
    %delay 25, 0;
    %ix/load 0, 1, 0;
    %assign/v0 v0xbe7a50_0, 0, 1;
    %ix/load 0, 1, 0;
    %assign/v0 v0xbe7b20_0, 0, 0;
    %delay 25, 0;
    %ix/load 0, 1, 0;
    %assign/v0 v0xbe7a50_0, 0, 0;
    %ix/load 0, 1, 0;
    %assign/v0 v0xbe7b20_0, 0, 0;
    %delay 25, 0;
    %ix/load 0, 1, 0;
    %assign/v0 v0xbe7a50_0, 0, 0;
    %ix/load 0, 1, 0;
    %assign/v0 v0xbe7b20_0, 0, 1;
    %delay 500, 0;
    %vpi_call/w 2 21 "$finish" {0 0};
    %end;
    .thread T_3;
# The file index is used to find the file name in the following table.
:file_names 4;
    "N/A";
    "<interactive>";
    "testbench.sv";
    "design.sv";
