#! /usr/share/iverilog-0.10.0/bin/vvp
:ivl_version "0.10.0 (devel)" "(v0_9_6)";
:ivl_delay_selection "TYPICAL";
:vpi_time_precision + 0;
:vpi_module "system";
:vpi_module "vhdl_sys";
:vpi_module "v2005_math";
:vpi_module "va_math";
:vpi_module "v2009";
S_0x1ee0210 .scope module, "rs_flipflop_tb" "rs_flipflop_tb" 2 1;
 .timescale 0 0;
v0x1ef3760_0 .var "a", 0 0;
v0x1ef3820_0 .var "b", 0 0;
v0x1ef38f0_0 .var "clk", 0 0;
v0x1ef39f0_0 .net "q", 0 0, v0x1ef35f0_0;  1 drivers
S_0x1ede7b0 .scope module, "UUT" "rs_flipflop" 2 4, 3 1 0, S_0x1ee0210;
 .timescale 0 0;
    .port_info 0 /INPUT 1 "a"
    .port_info 1 /INPUT 1 "b"
    .port_info 2 /INPUT 1 "clk"
    .port_info 3 /OUTPUT 1 "q"
v0x1ede980_0 .net "a", 0 0, v0x1ef3760_0;  1 drivers
v0x1ef3460_0 .net "b", 0 0, v0x1ef3820_0;  1 drivers
v0x1ef3520_0 .net "clk", 0 0, v0x1ef38f0_0;  1 drivers
v0x1ef35f0_0 .var "q", 0 0;
E_0x1ee07a0 .event posedge, v0x1ef3520_0;
    .scope S_0x1ede7b0;
T_0 ;
    %wait E_0x1ee07a0;
    %load/v 8, v0x1ef3460_0, 1;
    %load/v 9, v0x1ede980_0, 1;
    %cmpi/u 8, 0, 2;
    %jmp/1 T_0.0, 6;
    %cmpi/u 8, 1, 2;
    %jmp/1 T_0.1, 6;
    %cmpi/u 8, 2, 2;
    %jmp/1 T_0.2, 6;
    %cmpi/u 8, 3, 2;
    %jmp/1 T_0.3, 6;
    %jmp T_0.4;
T_0.0 ;
    %load/v 8, v0x1ef35f0_0, 1;
    %set/v v0x1ef35f0_0, 8, 1;
    %jmp T_0.4;
T_0.1 ;
    %set/v v0x1ef35f0_0, 0, 1;
    %jmp T_0.4;
T_0.2 ;
    %set/v v0x1ef35f0_0, 1, 1;
    %jmp T_0.4;
T_0.3 ;
    %load/v 8, v0x1ef35f0_0, 1;
    %inv 8, 1;
    %set/v v0x1ef35f0_0, 8, 1;
    %jmp T_0.4;
T_0.4 ;
    %jmp T_0;
    .thread T_0;
    .scope S_0x1ee0210;
T_1 ;
    %set/v v0x1ef3760_0, 0, 1;
    %set/v v0x1ef3820_0, 0, 1;
    %delay 2, 0;
    %set/v v0x1ef38f0_0, 0, 1;
    %end;
    .thread T_1;
    .scope S_0x1ee0210;
T_2 ;
    %delay 25, 0;
    %load/v 8, v0x1ef38f0_0, 1;
    %inv 8, 1;
    %set/v v0x1ef38f0_0, 8, 1;
    %jmp T_2;
    .thread T_2;
    .scope S_0x1ee0210;
T_3 ;
    %vpi_call/w 2 11 "$dumpfile", "rsfp.vcd" {0 0};
    %vpi_call/w 2 12 "$dumpvars" {0 0};
    %delay 25, 0;
    %set/v v0x1ef3760_0, 0, 1;
    %set/v v0x1ef3820_0, 1, 1;
    %delay 25, 0;
    %set/v v0x1ef3760_0, 0, 1;
    %set/v v0x1ef3820_0, 0, 1;
    %delay 25, 0;
    %set/v v0x1ef3760_0, 1, 1;
    %set/v v0x1ef3820_0, 0, 1;
    %delay 25, 0;
    %set/v v0x1ef3760_0, 0, 1;
    %set/v v0x1ef3820_0, 0, 1;
    %delay 25, 0;
    %set/v v0x1ef3760_0, 0, 1;
    %set/v v0x1ef3820_0, 1, 1;
    %delay 25, 0;
    %set/v v0x1ef3760_0, 1, 1;
    %set/v v0x1ef3820_0, 0, 1;
    %delay 250, 0;
    %vpi_call/w 2 19 "$finish" {0 0};
    %end;
    .thread T_3;
# The file index is used to find the file name in the following table.
:file_names 4;
    "N/A";
    "<interactive>";
    "testbench.sv";
    "design.sv";
