#! /usr/share/iverilog-0.10.0/bin/vvp
:ivl_version "0.10.0 (devel)" "(v0_9_6)";
:ivl_delay_selection "TYPICAL";
:vpi_time_precision + 0;
:vpi_module "system";
:vpi_module "vhdl_sys";
:vpi_module "v2005_math";
:vpi_module "va_math";
:vpi_module "v2009";
S_0x8d0500 .scope module, "gray_binary_tb" "gray_binary_tb" 2 1;
 .timescale 0 0;
v0x8e5a50_0 .net "a", 0 0, L_0x8e60c0;  1 drivers
v0x8e5b10_0 .net "b", 0 0, L_0x8e61d0;  1 drivers
v0x8e5be0_0 .net "c", 0 0, L_0x8e62e0;  1 drivers
v0x8e5ce0_0 .net "d", 0 0, L_0x8e63f0;  1 drivers
v0x8e5db0_0 .var "w", 0 0;
v0x8e5e50_0 .var "x", 0 0;
v0x8e5f20_0 .var "y", 0 0;
v0x8e5ff0_0 .var "z", 0 0;
S_0x8d0680 .scope module, "UUT" "gray_binary_" 2 5, 3 1 0, S_0x8d0500;
 .timescale 0 0;
    .port_info 0 /OUTPUT 1 "a"
    .port_info 1 /OUTPUT 1 "b"
    .port_info 2 /OUTPUT 1 "c"
    .port_info 3 /OUTPUT 1 "d"
    .port_info 4 /INPUT 1 "w"
    .port_info 5 /INPUT 1 "x"
    .port_info 6 /INPUT 1 "y"
    .port_info 7 /INPUT 1 "z"
L_0x8e60c0 .functor BUFZ 1, v0x8e5db0_0, C4<0>, C4<0>, C4<0>;
L_0x8e61d0 .functor XOR 1, v0x8e5db0_0, v0x8e5e50_0, C4<0>, C4<0>;
L_0x8e62e0 .functor XOR 1, v0x8e5f20_0, L_0x8e61d0, C4<0>, C4<0>;
L_0x8e63f0 .functor XOR 1, L_0x8e62e0, v0x8e5ff0_0, C4<0>, C4<0>;
v0x8ce880_0 .net "a", 0 0, L_0x8e60c0;  alias, 1 drivers
v0x8e5360_0 .net "b", 0 0, L_0x8e61d0;  alias, 1 drivers
v0x8e5420_0 .net "c", 0 0, L_0x8e62e0;  alias, 1 drivers
v0x8e54f0_0 .net "d", 0 0, L_0x8e63f0;  alias, 1 drivers
v0x8e55b0_0 .net "w", 0 0, v0x8e5db0_0;  1 drivers
v0x8e56c0_0 .net "x", 0 0, v0x8e5e50_0;  1 drivers
v0x8e5780_0 .net "y", 0 0, v0x8e5f20_0;  1 drivers
v0x8e5840_0 .net "z", 0 0, v0x8e5ff0_0;  1 drivers
    .scope S_0x8d0500;
T_0 ;
    %vpi_call/w 2 8 "$monitor", "%d %d %d %d : %d %d %d %d", v0x8e5db0_0, v0x8e5e50_0, v0x8e5f20_0, v0x8e5ff0_0, v0x8e5a50_0, v0x8e5b10_0, v0x8e5be0_0, v0x8e5ce0_0 {0 0};
    %delay 2, 0;
    %set/v v0x8e5db0_0, 0, 1;
    %set/v v0x8e5e50_0, 0, 1;
    %set/v v0x8e5f20_0, 0, 1;
    %set/v v0x8e5ff0_0, 0, 1;
    %delay 2, 0;
    %set/v v0x8e5ff0_0, 1, 1;
    %delay 2, 0;
    %set/v v0x8e5f20_0, 1, 1;
    %set/v v0x8e5ff0_0, 0, 1;
    %delay 2, 0;
    %set/v v0x8e5f20_0, 1, 1;
    %set/v v0x8e5ff0_0, 1, 1;
    %delay 2, 0;
    %set/v v0x8e5e50_0, 1, 1;
    %delay 2, 0;
    %set/v v0x8e5f20_0, 0, 1;
    %set/v v0x8e5ff0_0, 0, 1;
    %delay 2, 0;
    %set/v v0x8e5db0_0, 1, 1;
    %delay 2, 0;
    %set/v v0x8e5e50_0, 0, 1;
    %set/v v0x8e5f20_0, 1, 1;
    %set/v v0x8e5ff0_0, 1, 1;
    %delay 2, 0;
    %set/v v0x8e5e50_0, 1, 1;
    %set/v v0x8e5f20_0, 0, 1;
    %set/v v0x8e5ff0_0, 1, 1;
    %delay 2, 0;
    %vpi_call/w 2 18 "$finish" {0 0};
    %end;
    .thread T_0;
# The file index is used to find the file name in the following table.
:file_names 4;
    "N/A";
    "<interactive>";
    "testbench.sv";
    "design.sv";
