#! /usr/share/iverilog-0.10.0/bin/vvp
:ivl_version "0.10.0 (devel)" "(v0_9_6)";
:ivl_delay_selection "TYPICAL";
:vpi_time_precision - 9;
:vpi_module "system";
:vpi_module "vhdl_sys";
:vpi_module "v2005_math";
:vpi_module "va_math";
:vpi_module "v2009";
S_0x9e17b0 .scope module, "alu_tb" "alu_tb" 2 4;
 .timescale -9 -9;
v0x9f9830_0 .var "E1", 0 0;
v0x9f98f0_0 .var "E2_b", 0 0;
v0x9f99c0_0 .var "in1", 3 0;
v0x9f9ac0_0 .var "in2", 3 0;
v0x9f9b90_0 .net "out", 0 0, L_0x9f9d20;  1 drivers
v0x9f9c80_0 .var "sel", 2 0;
L_0x9f9d20 .part v0x9f9520_0, 0, 1;
S_0x9e1930 .scope module, "UUT" "ALU" 2 9, 3 2 0, S_0x9e17b0;
 .timescale 0 0;
    .port_info 0 /INPUT 1 "E1"
    .port_info 1 /INPUT 1 "E2_bar"
    .port_info 2 /INPUT 4 "in1"
    .port_info 3 /INPUT 4 "in2"
    .port_info 4 /INPUT 3 "sel"
    .port_info 5 /OUTPUT 4 "out"
v0x9e5140_0 .net "E1", 0 0, v0x9f9830_0;  1 drivers
v0x9f9290_0 .net "E2_bar", 0 0, v0x9f98f0_0;  1 drivers
v0x9f9350_0 .net "in1", 3 0, v0x9f99c0_0;  1 drivers
v0x9f9440_0 .net "in2", 3 0, v0x9f9ac0_0;  1 drivers
v0x9f9520_0 .var "out", 3 0;
v0x9f9650_0 .net "sel", 2 0, v0x9f9c80_0;  1 drivers
E_0x9e5b90/0 .event edge, v0x9f9290_0, v0x9e5140_0, v0x9f9650_0, v0x9f9350_0;
E_0x9e5b90/1 .event edge, v0x9f9440_0;
E_0x9e5b90 .event/or E_0x9e5b90/0, E_0x9e5b90/1;
    .scope S_0x9e1930;
T_0 ;
    %wait E_0x9e5b90;
    %load/v 8, v0x9f9290_0, 1;
    %inv 8, 1;
    %load/v 9, v0x9e5140_0, 1;
    %and 8, 9, 1;
    %jmp/0xz  T_0.0, 8;
    %ix/load 0, 4, 0;
    %assign/v0 v0x9f9520_0, 0, 0;
    %jmp T_0.1;
T_0.0 ;
    %load/v 8, v0x9f9650_0, 3;
    %cmpi/u 8, 0, 3;
    %jmp/1 T_0.2, 6;
    %cmpi/u 8, 1, 3;
    %jmp/1 T_0.3, 6;
    %cmpi/u 8, 2, 3;
    %jmp/1 T_0.4, 6;
    %cmpi/u 8, 3, 3;
    %jmp/1 T_0.5, 6;
    %cmpi/u 8, 4, 3;
    %jmp/1 T_0.6, 6;
    %cmpi/u 8, 5, 3;
    %jmp/1 T_0.7, 6;
    %cmpi/u 8, 6, 3;
    %jmp/1 T_0.8, 6;
    %cmpi/u 8, 7, 3;
    %jmp/1 T_0.9, 6;
    %set/v v0x9f9520_0, 0, 4;
    %jmp T_0.11;
T_0.2 ;
    %load/v 8, v0x9f9350_0, 4;
    %load/v 12, v0x9f9440_0, 4;
    %add 8, 12, 4;
    %set/v v0x9f9520_0, 8, 4;
    %jmp T_0.11;
T_0.3 ;
    %load/v 8, v0x9f9350_0, 4;
    %load/v 12, v0x9f9440_0, 4;
    %sub 8, 12, 4;
    %set/v v0x9f9520_0, 8, 4;
    %jmp T_0.11;
T_0.4 ;
    %load/v 8, v0x9f9350_0, 4;
    %load/v 12, v0x9f9440_0, 4;
    %mul 8, 12, 4;
    %set/v v0x9f9520_0, 8, 4;
    %jmp T_0.11;
T_0.5 ;
    %load/v 8, v0x9f9350_0, 4;
    %load/v 12, v0x9f9440_0, 4;
    %and 8, 12, 4;
    %set/v v0x9f9520_0, 8, 4;
    %jmp T_0.11;
T_0.6 ;
    %load/v 8, v0x9f9350_0, 4;
    %load/v 12, v0x9f9440_0, 4;
    %or 8, 12, 4;
    %set/v v0x9f9520_0, 8, 4;
    %jmp T_0.11;
T_0.7 ;
    %load/v 8, v0x9f9350_0, 4;
    %load/v 12, v0x9f9440_0, 4;
    %xor 8, 12, 4;
    %set/v v0x9f9520_0, 8, 4;
    %jmp T_0.11;
T_0.8 ;
    %load/v 12, v0x9f9350_0, 4;
    %nor/r 12, 12, 4;
    %mov 8, 12, 1;
    %pad 9, 0, 3;
    %set/v v0x9f9520_0, 8, 4;
    %jmp T_0.11;
T_0.9 ;
    %load/v 12, v0x9f9440_0, 4;
    %nor/r 12, 12, 4;
    %mov 8, 12, 1;
    %pad 9, 0, 3;
    %set/v v0x9f9520_0, 8, 4;
    %jmp T_0.11;
T_0.11 ;
T_0.1 ;
    %jmp T_0;
    .thread T_0, $push;
    .scope S_0x9e17b0;
T_1 ;
    %vpi_call/w 2 12 "$monitor", "%d: %d %d--> %d", v0x9f9c80_0, v0x9f99c0_0, v0x9f9ac0_0, v0x9f9b90_0 {0 0};
    %set/v v0x9f9830_0, 0, 1;
    %set/v v0x9f98f0_0, 1, 1;
    %movi 8, 10, 4;
    %set/v v0x9f99c0_0, 8, 4;
    %movi 12, 5, 4;
    %set/v v0x9f9ac0_0, 12, 4;
    %delay 2, 0;
    %set/v v0x9f9c80_0, 0, 3;
    %delay 2, 0;
    %movi 8, 1, 3;
    %set/v v0x9f9c80_0, 8, 3;
    %delay 2, 0;
    %movi 8, 3, 3;
    %set/v v0x9f9c80_0, 8, 3;
    %delay 2, 0;
    %movi 8, 4, 3;
    %set/v v0x9f9c80_0, 8, 3;
    %delay 2, 0;
    %movi 8, 5, 3;
    %set/v v0x9f9c80_0, 8, 3;
    %delay 2, 0;
    %movi 8, 6, 3;
    %set/v v0x9f9c80_0, 8, 3;
    %delay 2, 0;
    %set/v v0x9f9c80_0, 1, 3;
    %delay 500, 0;
    %vpi_call/w 2 21 "$finish" {0 0};
    %end;
    .thread T_1;
# The file index is used to find the file name in the following table.
:file_names 4;
    "N/A";
    "<interactive>";
    "testbench.sv";
    "design.sv";
